|SourceProjectName:Alumni Archive.hpr
|DestinationProjectName:Alumni_Archive.htm
whhost.js
whmsg.js
whmozemu.js
whproxy.js
whstub.js
whutils.js
whver.js
whform.js
whphost.js
whstart.js
whtopic.js
whframes.js
whlang.js
whskin_info.htm
whskin_blank.htm
whskin_pickup.htm
whskin_homepage.htm
whskin_tw.htm
whnjs.htm
whthost.js
whtdhtml.htm
whihost.js
whibody.htm
whiform.htm
whfhost.js
whfbody.htm
whfform.htm
whghost.js
whgbody.htm
whgdhtml.htm
whgdef.htm
whproj.js
whproj.xml
whproj.htm
whxdata\whtoc.xml
whxdata\whidx.xml
whxdata\whfts.xml
whxdata\whglo.xml
whdata\whtoc.js
whdata\whtoc.htm
whdata\whtdata.js
whdata\whidx.js
whdata\whidx.htm
whdata\whidata.js
whdata\whfts.js
whdata\whfts.htm
whdata\whglo.js
whdata\whglo.htm
whdata\whgdata.js
whdata\whftdata.js
whdata\whfwdata.js
whres.xml
WebHelp.jar
WebHelp.cab
whgdata\whnvp30.htm
whgdata\whnvp31.htm
whgdata\whnvp32.htm
whgdata\whnvp33.htm
whgdata\whnvt30.htm
whgdata\whnvt31.htm
whgdata\whnvt32.htm
whgdata\whnvt33.htm
whgdata\whnvf30.htm
whgdata\whnvf31.htm
whgdata\whnvf32.htm
whgdata\whnvf33.htm
whgdata\whnvl31.htm
whgdata\whnvl32.htm
whgdata\whnvl33.htm
whgdata\whexpbar.gif
cshdat_webhelp.htm
whcsh_home.htm
whcshdata.htm
cshdat_robohelp.htm
whd_home.htm
whd_topic.xml
whd_nvp10.htm
whd_nvp20.htm
whd_tabs.htm
whd_dpns.htm
whd_tab0.gif
whd_tab1.gif
whd_tab2.gif
whd_tab3.gif
whd_tab4.gif
whd_tab5.gif
whd_tab6.gif
whd_tab7.gif
whd_tab8.gif
whd_toc1.gif
whd_toc2.gif
whd_toc3.gif
whd_toc4.gif
whd_show0.gif
whd_show1.gif
whd_show2.gif
whd_hide0.gif
whd_hide1.gif
whd_hide2.gif
whd_sync0.gif
whd_sync1.gif
whd_sync2.gif
whd_prev0.gif
whd_prev1.gif
whd_prev2.gif
whd_next0.gif
whd_next1.gif
whd_next2.gif
whd_wbsh0.gif
whd_wbsh1.gif
whd_wbsh2.gif
whidhtml.htm
whfdhtml.htm
Alumni_Archive_hha.hhk
Alumni_Archive.hhc
Alumni_Archive.hhk
Administration\Admin_Page_Image.htm
Administration\Admin_Page_Image_Most.htm
Administration\Admin_Page_Image_PAO.htm
Administration\Administration.htm
Administration\Administration_for_PAOs_and_Office_Directors.htm
Administration\Approve_Access.htm
Administration\Approve_Access_Page_Image.htm
Administration\Approve_Changes.htm
Administration\Approve_Changes_Page_Image.htm
Administration\See_Your_Active_Users.htm
Administration\See_Your_Active_Users_Page_Image.htm
Administration\Self_Data.htm
Administration\user_profile_page.htm
Administration\User_Profile_Page_Image.htm
Administration\Verify_and_Change_Users.htm
Administration\Verify_and_Change_Users_Image.htm
Alumni_Archive_website\using_the_alumni_archive_website.htm
Control_text.htm
help_home_page.htm
Log_In_&_Registration\Forgot_password.htm
Log_In_&_Registration\Forgot_Password_Page_Image.htm
Log_In_&_Registration\Home_Page.htm
Log_In_&_Registration\Home_Page_Most_users_Image.htm
Log_In_&_Registration\home_page_pao_image.htm
Log_In_&_Registration\Logging_In_and_Out.htm
Log_In_&_Registration\Login_Page_Image.htm
Log_In_&_Registration\New_Registration_Confirmation_Page_Image.htm
Log_In_&_Registration\New_User_Registration_Confirmation.htm
Log_In_&_Registration\New_User_Registration_Form.htm
Log_In_&_Registration\New_User_Registration_Form_Page_Image.htm
Log_In_&_Registration\New_User_Registration_Page_1_Image.htm
Log_In_&_Registration\Register_link_image.htm
Log_In_&_Registration\Registration.htm
Log_In_&_Registration\Updating_Your_Registration_Data.htm
Navigation_&_Accessibility\accessibility.htm
Navigation_&_Accessibility\Global_Navigation_bar.htm
Page_Help\Admin_Page_Help.htm
Page_Help\Create_and_Print_Page_Help.htm
Page_Help\Create_Statistical_Reports_Page_Help.htm
Page_Help\User_Profile_-_Page_Help.htm
Reports\Address_Fields.htm
Reports\Create_and_Print.htm
Reports\Create_and_Print_Page_Image.htm
Reports\Create_Contact_List.htm
Reports\create_contact_list_page_image.htm
Reports\Create_Mailing_Labels.htm
Reports\create_mailing_labels_page_image.htm
Reports\create_statistical_reports.htm
Reports\create_statistical_reports_page_image.htm
Update_Alumni_Info\Alumni_Profile.htm
Update_Alumni_Info\Alumni_Profile_Page_Image.htm
Update_Alumni_Info\Information_Page_Image.htm
Update_Alumni_Info\Search_Results_.htm
Update_Alumni_Info\Search_Results_Page_Image.htm
Update_Alumni_Info\Update_Alumni_Info.htm
Update_Alumni_Info\Update_Alumni_Info_Page_Image.htm
Update_Alumni_Info\Updating_Alumni_Data.htm
eHelp.xml
RoboHHRE.lng
Alumni_Archive.glo
Alumni.CSS
AAPageHelp.css
Update_alumni_info_reduced.gif
Too_many_records_reduced.gif
Create_and_print.gif
Registration_link_reduced.gif
SL_ListUsr_ReqChng_p1_burgundy.jpg
SL_NewUserRegistration_p3_burgundy.jpg
Search_results_reduced.gif
User_profile_page_reduced.gif
red_arrow.gif
SL_LogIn_burgundy.jpg
Excel_row_selected.gif
Home_page_Most_users_reduced.gif
Global_navbar_Admin_reduced.gif
Administer_users_Requesting_changes_reduced.gif
Home_page_icon.gif
Log_in_register.gif
Admin_Most_Users_reduced.gif
Global_navbar_reduced.gif
Search_results_area1_reduced.gif
Log_in_area_reduced.gif
Excel_column_selected.gif
New_user_registration_confirm.gif
SL_UserProfile_p1_burgundy.jpg
Admin_PAO_reduced.gif
Create_contact_list_reduced.gif
Create_statistical_reports_reduced.gif
Search_results_icon.gif
New_user_registration.gif
Log_out.gif
Verify_and_change_users_reduced.gif
NavBar_Admin_reduced.gif
Home_page_PAO_reduced.gif
SL_AdministerUSERS_p1_burgundy.jpg
Forgot_password_reduced.gif
New_user_registration_form_reduced.gif
Log_in_reduced.gif
Approve_access_reduced.gif
SL_Admin_p1_burgundy.jpg
Alumni_profile_page_reduced.gif
worldmap.gif
Show_Saved_Searches_link.gif
Forgot_password_icon.gif
Alumni_profile_icon.gif
See_your_active_users_reduced.gif
SL_SearchUpdate_p1_burgundy.jpg
Create_mailing_labels_reduced.gif
Ctrl_Help_small_icon.gif
seal_burgundy_reduced.jpg
Smaller_Pointing_Hand.gif
Alumni_Archive.ppf
ehlpdhtm.js
ss_btn_related_topics.gif
ss_btn_related_topics1.gif
whxdata\whtdata0.xml
whxdata\whidata0.xml
whxdata\whftdata0.xml
whdata\whtdata0.htm
whdata\whidata0.htm
whdata\whftdata0.htm
whgdata\whlstt0.htm
whgdata\whlsti0.htm
whgdata\whlsti1.htm
whgdata\whlsti2.htm
whgdata\whlsti3.htm
whgdata\whlsti4.htm
whgdata\whlsti5.htm
whgdata\whlsti6.htm
whgdata\whlsti7.htm
whgdata\whlsti8.htm
whgdata\whlsti9.htm
whgdata\whlsti10.htm
whgdata\whlsti11.htm
whgdata\whlsti12.htm
whgdata\whlsti13.htm
whgdata\whlsti14.htm
whgdata\whlstg0.htm
Alumni_Archive.htm
Alumni_Archive_csh.htm
Alumni_Archive_rhc.htm
